<?xml version="1.0" encoding="UTF-8"?>
<testsuite name="org.example.MovieServiceTest" tests="3" skipped="0" failures="0" errors="0" timestamp="2023-02-02T08:37:07" hostname="DESKTOP-OOC3BNC" time="0.12">
  <properties/>
  <testcase name="Sort By Name" classname="org.example.MovieServiceTest" time="0.098"/>
  <testcase name="Movies Created By Director" classname="org.example.MovieServiceTest" time="0.016"/>
  <testcase name="Sort By Rating" classname="org.example.MovieServiceTest" time="0.002"/>
  <system-out><![CDATA[{xyz=3}
]]></system-out>
  <system-err><![CDATA[]]></system-err>
</testsuite>
