<?xml version="1.0" encoding="UTF-8"?>
<testsuite name="org.example.MovieServiceTest" tests="3" skipped="0" failures="0" errors="0" timestamp="2023-02-02T07:36:13" hostname="DESKTOP-HROPLLA" time="0.088">
  <properties/>
  <testcase name="Sort By Name" classname="org.example.MovieServiceTest" time="0.075"/>
  <testcase name="Movies Created By Director" classname="org.example.MovieServiceTest" time="0.009"/>
  <testcase name="Sort By Rating" classname="org.example.MovieServiceTest" time="0.002"/>
  <system-out><![CDATA[{xyz=3}
]]></system-out>
  <system-err><![CDATA[]]></system-err>
</testsuite>
