<?xml version="1.0" encoding="UTF-8"?>
<testsuite name="org.example.MovieServiceTest" tests="4" skipped="0" failures="0" errors="0" timestamp="2023-02-02T09:32:05" hostname="DESKTOP-OOC3BNC" time="0.114">
  <properties/>
  <testcase name="Sort By Name" classname="org.example.MovieServiceTest" time="0.094"/>
  <testcase name="Movies Created By Director" classname="org.example.MovieServiceTest" time="0.01"/>
  <testcase name="No Of Movies Of Genre" classname="org.example.MovieServiceTest" time="0.003"/>
  <testcase name="Sort By Rating" classname="org.example.MovieServiceTest" time="0.002"/>
  <system-out><![CDATA[]]></system-out>
  <system-err><![CDATA[]]></system-err>
</testsuite>
